CHILD PROCESS ID=7487

RUN 32 STARTED: Mon 14-Feb-2000 16:09:37
# Randseed=958207665
CYCLE: 1 (0%, 0 seconds)
? centre_dist(): Cdist2[69]=-8.507e+00
? centre_dist(): Cdist2[69]=-2.046e-03
DIST: BD=6.596e-01, NB=0.000e+00, RS=7.152e-01, SC=5.216e+00, AC=2.888e+00
PROJ: Dim=31, Df=8.047e-01,  STR=6.515e-02 
TNGL: 0 (cyc=2)
EUCL: IN=5.358e-05 ALL=4.660e-05
EUCL: BD=8.307e-06, NB=0.000e+00, RS=8.922e-02, SC=8.469e-01, AC=2.476e+00
CYCLE: 2 (38%, 2 secs)
DIST: BD=1.659e-02, NB=0.000e+00, RS=5.153e-01, SC=1.016e+00, AC=2.722e+00
PROJ: Dim=30, Df=9.998e-01,  STR=3.942e-04 
TNGL: 0 (cyc=2)
EUCL: IN=3.116e-05 ALL=3.736e-05
EUCL: BD=2.566e-05, NB=0.000e+00, RS=5.623e-01, SC=5.616e-01, AC=2.435e+00
CYCLE: 3 (39%, 4 secs)
DIST: BD=4.136e-03, NB=0.000e+00, RS=6.292e-01, SC=4.993e-01, AC=2.503e+00
PROJ: Dim=20, Df=1.000e+00,  STR=1.084e-04 
TNGL: 0 (cyc=2)
