CHILD PROCESS ID=7487

RUN 31 STARTED: Mon 14-Feb-2000 16:09:21
# Randseed=958207649

nonlin11_reg():...................Done

Q=1.424e-02, Stepno=15, t-stat=2.600e-02

D=-1.233e+01 * H ^5.723e-01 + 3.252e+01

Standard deviations:
-------------
0 | 5.24e-01
1 | 2.03e-02
2 | 5.07e-01
=============

Correlation matrix:
    0         1         2         
-------------------------------------
0 | 1.00e+00  
1 | -9.76e-01 1.00e+00  
2 | 9.93e-01  -9.52e-01 1.00e+00  
=====================================

CYCLE: 1 (0%, 0 seconds)
? centre_dist(): Cdist2[69]=-7.890e+00
? centre_dist(): Cdist2[69]=-1.926e-01
? centre_dist(): Cdist2[69]=-3.554e-01
DIST: BD=1.198e+00, NB=0.000e+00, RS=8.125e-01, SC=1.182e+01, AC=3.000e+00
PROJ: Dim=32, Df=8.172e-01,  STR=7.077e-02 
TNGL: 0 (cyc=1)
EUCL: IN=1.085e-04 ALL=4.975e-05
EUCL: BD=5.801e-05, NB=0.000e+00, RS=7.113e-02, SC=8.541e-01, AC=2.592e+00
CYCLE: 2 (37%, 2 secs)
DIST: BD=4.633e-03, NB=0.000e+00, RS=2.180e-01, SC=7.035e-01, AC=2.609e+00
PROJ: Dim=30, Df=1.000e+00,  STR=8.179e-05 
TNGL: 0 (cyc=1)
EUCL: IN=3.935e-05 ALL=3.720e-05
EUCL: BD=2.706e-05, NB=0.000e+00, RS=2.444e-01, SC=5.131e-01, AC=2.429e+00
CYCLE: 3 (39%, 4 secs)
DIST: BD=4.980e-04, NB=0.000e+00, RS=1.462e-01, SC=3.849e-01, AC=2.421e+00
PROJ: Dim=20, Df=1.000e+00,  STR=1.983e-05 
TNGL: 0 (cyc=1)
EUCL: IN=2.204e-05 ALL=6.213e-05
EUCL: BD=1.790e-06, NB=0.000e+00, RS=3.609e-01, SC=6.221e-01, AC=2.323e+00
CYCLE: 4 (47%, 6 secs)
DIST: BD=1.142e-03, NB=0.000e+00, RS=3.706e-01, SC=3.083e-01, AC=2.259e+00
PROJ: Dim=13, Df=1.001e+00,  STR=4.007e-05 
TNGL: 0 (cyc=1)
EUCL: IN=1.638e-05 ALL=2.290e-05
EUCL: BD=5.325e-05, NB=0.000e+00, RS=2.524e-01, SC=2.665e-01, AC=2.272e+00
CYCLE: 5 (52%, 7 secs)
DIST: BD=5.207e-03, NB=0.000e+00, RS=2.854e-01, SC=2.993e-01, AC=2.250e+00
PROJ: Dim=12, Df=1.000e+00,  STR=1.075e-04 
TNGL: 0 (cyc=2)
EUCL: IN=1.715e-05 ALL=1.560e-05
EUCL: BD=1.389e-05, NB=0.000e+00, RS=2.740e-01, SC=1.961e-01, AC=2.241e+00
CYCLE: 6 (53%, 7 secs)
DIST: BD=2.213e-03, NB=0.000e+00, RS=3.138e-01, SC=2.230e-01, AC=2.241e+00
PROJ: Dim=11, Df=1.001e+00,  STR=7.638e-05 
TNGL: 0 (cyc=3)
EUCL: IN=1.171e-05 ALL=4.674e-05
EUCL: BD=8.385e-06, NB=0.000e+00, RS=2.509e-01, SC=5.318e-01, AC=2.271e+00
CYCLE: 7 (54%, 8 secs)
DIST: BD=1.114e-02, NB=0.000e+00, RS=3.369e-01, SC=7.988e-01, AC=2.219e+00
PROJ: Dim=7, Df=1.008e+00,  STR=4.754e-04 
TNGL: 0 (cyc=1)
EUCL: IN=1.641e-05 ALL=2.144e-05
EUCL: BD=6.055e-05, NB=0.000e+00, RS=3.945e-01, SC=4.053e-01, AC=2.258e+00
CYCLE: 8 (57%, 9 secs)
DIST: BD=3.580e-02, NB=1.942e-05, RS=6.632e-01, SC=1.900e+00, AC=2.087e+00
PROJ: Dim=6, Df=1.006e+00,  STR=1.775e-03 
TNGL: 0 (cyc=3)
EUCL: IN=3.020e-05 ALL=7.920e-05
EUCL: BD=1.533e-05, NB=4.389e-07, RS=5.963e-01, SC=7.017e-01, AC=2.010e+00
CYCLE: 9 (58%, 9 secs)
DIST: BD=4.416e-02, NB=1.901e-05, RS=6.063e-01, SC=2.429e+00, AC=1.814e+00
PROJ: Dim=5, Df=1.005e+00,  STR=2.004e-03 
TNGL: 0 (cyc=2)
EUCL: IN=1.761e-05 ALL=4.541e-05
EUCL: BD=3.101e-05, NB=7.787e-06, RS=4.365e-01, SC=6.950e-01, AC=1.899e+00
CYCLE: 10 (59%, 10 secs)
DIST: BD=6.972e-02, NB=4.607e-04, RS=5.997e-01, SC=2.966e+00, AC=1.365e+00
PROJ: Dim=4, Df=1.006e+00,  STR=2.911e-03 
TNGL: 0 (cyc=2)
EUCL: IN=2.218e-05 ALL=5.246e-04
EUCL: BD=3.572e-04, NB=1.401e-06, RS=3.862e-01, SC=1.800e+00, AC=1.403e+00
CYCLE: 11 (59%, 10 secs)
HAND: (secstr) Good:Bad=3:1 (24:16)
DIST: BD=8.761e-02, NB=7.008e-05, RS=8.713e-01, SC=2.738e+00, AC=9.397e-01
PROJ: Dim=3, Df=1.016e+00,  STR=4.574e-03 
TNGL: 0 (cyc=0)
EUCL: IN=6.762e-06 2oSTR=1.327e+00 ALL=1.020e-03
** BEST: BD=3.615e-04, NB=3.908e-06, RS=7.133e-01, SC=2.160e+00, AC=1.056e+00
CYCLE: 12 (60%, 11 secs)
TNGL: 0 (cyc=0)
EUCL: IN=1.072e-05 2oSTR=1.262e+00 ALL=7.033e-04
EUCL: BD=3.636e-04, NB=0.000e+00, RS=6.169e-01, SC=1.774e+00, AC=1.194e+00
CYCLE: 13 (61%, 11 secs)
TNGL: 0 (cyc=0)
EUCL: IN=6.582e-06 2oSTR=1.191e+00 ALL=6.216e-04
EUCL: BD=1.143e-04, NB=3.727e-05, RS=6.035e-01, SC=2.011e+00, AC=1.185e+00
CYCLE: 14 (62%, 12 secs)
TNGL: 0 (cyc=0)
EUCL: IN=9.514e-06 2oSTR=1.138e+00 ALL=6.050e-04
EUCL: BD=1.248e-03, NB=4.340e-04, RS=5.347e-01, SC=1.419e+00, AC=1.121e+00
CYCLE: 15 (62%, 12 secs)
TNGL: 0 (cyc=0)
EUCL: IN=2.698e-05 2oSTR=1.160e+00 ALL=4.645e-04
EUCL: BD=4.832e-04, NB=5.451e-04, RS=6.057e-01, SC=1.181e+00, AC=1.201e+00
CYCLE: 16 (63%, 12 secs)
TNGL: 0 (cyc=0)
EUCL: IN=3.777e-05 2oSTR=1.090e+00 ALL=4.508e-04
EUCL: BD=1.632e-04, NB=5.327e-05, RS=5.188e-01, SC=1.152e+00, AC=1.136e+00
CYCLE: 17 (64%, 12 secs)
TNGL: 0 (cyc=0)
EUCL: IN=3.534e-05 2oSTR=1.149e+00 ALL=3.827e-04
EUCL: BD=4.541e-04, NB=1.247e-04, RS=5.109e-01, SC=1.067e+00, AC=1.212e+00
CYCLE: 18 (65%, 13 secs)
HAND: (secstr) Good:Bad=3:1 (24:16)
DIST: BD=1.851e-02, NB=2.590e-05, RS=5.603e-01, SC=1.352e+00, AC=1.045e+00
PROJ: Dim=3, Df=9.988e-01,  STR=7.814e-04 
TNGL: 0 (cyc=0)
EUCL: IN=8.279e-06 2oSTR=1.187e+00 ALL=5.462e-04
EUCL: BD=6.777e-05, NB=7.899e-06, RS=4.809e-01, SC=2.126e+00, AC=1.172e+00
CYCLE: 19 (66%, 13 secs)
TNGL: 0 (cyc=0)
EUCL: IN=1.337e-05 2oSTR=1.120e+00 ALL=3.628e-04
EUCL: BD=2.403e-04, NB=3.353e-05, RS=5.074e-01, SC=1.336e+00, AC=1.190e+00
CYCLE: 20 (66%, 13 secs)
TNGL: 0 (cyc=0)
EUCL: IN=7.767e-06 2oSTR=1.127e+00 ALL=3.930e-04
EUCL: BD=3.884e-04, NB=2.738e-04, RS=6.453e-01, SC=1.461e+00, AC=1.271e+00
CYCLE: 21 (67%, 14 secs)
TNGL: 0 (cyc=0)
EUCL: IN=6.922e-06 2oSTR=1.184e+00 ALL=4.103e-04
EUCL: BD=6.649e-04, NB=4.293e-04, RS=5.141e-01, SC=1.182e+00, AC=1.218e+00
CYCLE: 22 (68%, 14 secs)
TNGL: 0 (cyc=0)
EUCL: IN=2.933e-05 2oSTR=1.132e+00 ALL=5.104e-04
EUCL: BD=2.888e-04, NB=4.326e-04, RS=7.007e-01, SC=1.045e+00, AC=1.159e+00
CYCLE: 23 (69%, 14 secs)
TNGL: 0 (cyc=0)
EUCL: IN=3.342e-05 2oSTR=1.166e+00 ALL=5.014e-04
EUCL: BD=4.247e-05, NB=5.026e-04, RS=7.786e-01, SC=1.199e+00, AC=1.131e+00
CYCLE: 24 (70%, 15 secs)
HAND: (secstr) Good:Bad=1:3 (16:24)
DIST: BD=1.701e-02, NB=2.415e-05, RS=5.557e-01, SC=1.385e+00, AC=1.082e+00
PROJ: Dim=3, Df=9.988e-01,  STR=8.286e-04 , flip
TNGL: 0 (cyc=0)
EUCL: IN=8.969e-06 2oSTR=1.161e+00 ALL=6.514e-04
EUCL: BD=6.170e-05, NB=1.004e-05, RS=5.288e-01, SC=2.005e+00, AC=1.228e+00
EXIT: no further improvement on 3D reprojection
TIME: 15 secs
END: BD=3.615e-04, NB=3.908e-06, RS=7.133e-01, SC=2.160e+00, AC=1.056e+00, Itno:24=11+13
SAVE: example/models/example_31.pdb
VIOLS: example/models/example_31.viol

Run 31 finished: Mon 14-Feb-2000 16:09:37
