CHILD PROCESS ID=7486

RUN 1 STARTED: Mon 14-Feb-2000 16:09:21
# Randseed=958206625

nonlin11_reg():...................Done

Q=1.424e-02, Stepno=15, t-stat=2.600e-02

D=-1.233e+01 * H ^5.723e-01 + 3.252e+01

Standard deviations:
-------------
0 | 5.24e-01
1 | 2.03e-02
2 | 5.07e-01
=============

Correlation matrix:
    0         1         2         
-------------------------------------
0 | 1.00e+00  
1 | -9.76e-01 1.00e+00  
2 | 9.93e-01  -9.52e-01 1.00e+00  
=====================================

CYCLE: 1 (0%, 0 seconds)
? centre_dist(): Cdist2[14]=-3.325e+00
? centre_dist(): Cdist2[14]=-2.150e-01
? centre_dist(): Cdist2[14]=-9.206e-01
DIST: BD=5.432e-01, NB=0.000e+00, RS=5.757e-01, SC=1.156e+01, AC=2.974e+00
PROJ: Dim=30, Df=8.099e-01,  STR=6.648e-02 
TNGL: 0 (cyc=4)
EUCL: IN=1.614e-04 ALL=4.773e-05
EUCL: BD=6.527e-06, NB=0.000e+00, RS=4.623e-01, SC=8.951e-01, AC=2.629e+00
CYCLE: 2 (39%, 2 secs)
DIST: BD=8.399e-03, NB=0.000e+00, RS=7.041e-01, SC=8.798e-01, AC=2.696e+00
PROJ: Dim=29, Df=1.000e+00,  STR=1.713e-04 
TNGL: 0 (cyc=3)
EUCL: IN=5.686e-05 ALL=4.238e-05
EUCL: BD=3.229e-06, NB=1.130e-05, RS=3.774e-01, SC=6.845e-01, AC=2.477e+00
CYCLE: 3 (40%, 4 secs)
DIST: BD=1.856e-03, NB=0.000e+00, RS=4.050e-01, SC=5.248e-01, AC=2.472e+00
PROJ: Dim=19, Df=1.000e+00,  STR=5.846e-05 
TNGL: 0 (cyc=2)
EUCL: IN=1.276e-04 ALL=5.485e-05
EUCL: BD=9.139e-06, NB=5.639e-06, RS=4.055e-01, SC=9.215e-01, AC=2.636e+00
CYCLE: 4 (48%, 5 secs)
DIST: BD=3.656e-03, NB=0.000e+00, RS=5.032e-01, SC=8.181e-01, AC=2.473e+00
PROJ: Dim=12, Df=1.001e+00,  STR=1.546e-04 
TNGL: 0 (cyc=2)
EUCL: IN=2.652e-05 ALL=1.353e-05
EUCL: BD=2.780e-05, NB=0.000e+00, RS=2.237e-01, SC=2.722e-01, AC=2.283e+00
CYCLE: 5 (53%, 6 secs)
DIST: BD=1.122e-02, NB=0.000e+00, RS=5.292e-01, SC=6.923e-01, AC=2.456e+00
PROJ: Dim=11, Df=1.001e+00,  STR=2.830e-04 
TNGL: 0 (cyc=2)
EUCL: IN=2.484e-05 ALL=9.349e-06
EUCL: BD=4.297e-05, NB=0.000e+00, RS=3.857e-01, SC=2.035e-01, AC=2.127e+00
CYCLE: 6 (54%, 7 secs)
DIST: BD=1.608e-03, NB=0.000e+00, RS=4.621e-01, SC=2.474e-01, AC=2.283e+00
PROJ: Dim=10, Df=1.001e+00,  STR=7.469e-05 
TNGL: 0 (cyc=3)
EUCL: IN=1.941e-05 ALL=3.687e-05
EUCL: BD=9.757e-06, NB=0.000e+00, RS=3.870e-01, SC=5.368e-01, AC=2.374e+00
CYCLE: 7 (55%, 8 secs)
DIST: BD=4.794e-02, NB=7.582e-05, RS=5.161e-01, SC=1.648e+00, AC=1.967e+00
PROJ: Dim=6, Df=1.009e+00,  STR=1.789e-03 
TNGL: 0 (cyc=1)
EUCL: IN=2.522e-04 ALL=4.738e-05
EUCL: BD=2.350e-05, NB=0.000e+00, RS=4.924e-01, SC=9.286e-01, AC=2.336e+00
CYCLE: 8 (58%, 8 secs)
DIST: BD=6.731e-02, NB=6.458e-05, RS=6.471e-01, SC=2.074e+00, AC=1.912e+00
PROJ: Dim=5, Df=1.007e+00,  STR=2.357e-03 
TNGL: 0 (cyc=3)
EUCL: IN=4.059e-05 ALL=2.111e-04
EUCL: BD=3.132e-05, NB=2.388e-05, RS=6.044e-01, SC=1.341e+00, AC=1.897e+00
CYCLE: 9 (59%, 9 secs)
DIST: BD=3.769e-02, NB=2.312e-05, RS=4.965e-01, SC=2.370e+00, AC=1.523e+00
PROJ: Dim=4, Df=1.010e+00,  STR=2.085e-03 
TNGL: 0 (cyc=1)
EUCL: IN=2.280e-04 ALL=7.704e-05
EUCL: BD=8.410e-05, NB=1.114e-05, RS=4.851e-01, SC=1.126e+00, AC=1.695e+00
CYCLE: 10 (59%, 9 secs)
HAND: (secstr) Good:Bad=1:3 (16:24)
DIST: BD=1.027e-01, NB=7.495e-04, RS=7.934e-01, SC=3.525e+00, AC=1.091e+00
PROJ: Dim=3, Df=1.028e+00,  STR=6.420e-03 , flip
TNGL: 0 (cyc=0)
EUCL: IN=1.545e-03 2oSTR=1.944e+00 ALL=9.110e-04
** BEST: BD=8.279e-05, NB=1.355e-04, RS=6.547e-01, SC=5.134e+00, AC=1.173e+00
CYCLE: 11 (60%, 9 secs)
TNGL: 0 (cyc=0)
EUCL: IN=1.371e-03 2oSTR=2.991e+00 ALL=1.811e-03
EUCL: BD=1.015e-04, NB=1.254e-04, RS=5.944e-01, SC=4.386e+00, AC=1.144e+00
CYCLE: 12 (61%, 10 secs)
TNGL: 0 (cyc=0)
EUCL: IN=1.183e-03 2oSTR=1.598e+00 ALL=1.209e-03
EUCL: BD=2.142e-04, NB=1.435e-04, RS=5.598e-01, SC=4.191e+00, AC=1.228e+00
CYCLE: 13 (62%, 10 secs)
TNGL: 0 (cyc=0)
EUCL: IN=1.292e-03 2oSTR=1.629e+00 ALL=9.800e-04
EUCL: BD=4.004e-04, NB=2.934e-04, RS=7.462e-01, SC=4.244e+00, AC=1.210e+00
CYCLE: 14 (62%, 10 secs)
TNGL: 0 (cyc=0)
EUCL: IN=7.852e-04 2oSTR=1.432e+00 ALL=6.993e-04
EUCL: BD=1.801e-04, NB=9.441e-05, RS=7.481e-01, SC=3.371e+00, AC=1.014e+00
CYCLE: 15 (63%, 10 secs)
TNGL: 0 (cyc=0)
EUCL: IN=8.527e-04 2oSTR=1.421e+00 ALL=9.885e-04
EUCL: BD=1.674e-04, NB=2.414e-04, RS=8.622e-01, SC=3.994e+00, AC=1.063e+00
CYCLE: 16 (64%, 11 secs)
TNGL: 0 (cyc=0)
EUCL: IN=8.161e-04 2oSTR=1.508e+00 ALL=1.590e-03
EUCL: BD=3.314e-04, NB=7.838e-05, RS=8.611e-01, SC=3.705e+00, AC=1.004e+00
CYCLE: 17 (65%, 11 secs)
HAND: (secstr) Good:Bad=1:3 (14:26)
DIST: BD=2.419e-02, NB=6.548e-05, RS=5.448e-01, SC=2.972e+00, AC=1.160e+00
PROJ: Dim=3, Df=9.989e-01,  STR=8.725e-04 , flip
TNGL: 0 (cyc=0)
EUCL: IN=1.616e-03 2oSTR=1.761e+00 ALL=1.479e-03
EUCL: BD=9.042e-05, NB=1.861e-04, RS=7.672e-01, SC=4.410e+00, AC=1.254e+00
CYCLE: 18 (66%, 11 secs)
TNGL: 0 (cyc=0)
EUCL: IN=1.443e-03 2oSTR=1.779e+00 ALL=9.034e-04
** BEST: BD=2.989e-05, NB=1.296e-04, RS=5.527e-01, SC=4.306e+00, AC=1.206e+00
CYCLE: 19 (66%, 12 secs)
TNGL: 0 (cyc=0)
EUCL: IN=1.285e-03 2oSTR=1.650e+00 ALL=7.875e-04
EUCL: BD=8.069e-05, NB=3.769e-05, RS=6.560e-01, SC=3.979e+00, AC=1.105e+00
CYCLE: 20 (66%, 12 secs)
TNGL: 0 (cyc=0)
EUCL: IN=1.291e-03 2oSTR=1.647e+00 ALL=1.491e-03
EUCL: BD=7.204e-05, NB=2.997e-04, RS=8.149e-01, SC=5.398e+00, AC=1.049e+00
CYCLE: 21 (67%, 12 secs)
TNGL: 0 (cyc=0)
EUCL: IN=8.488e-04 2oSTR=1.464e+00 ALL=7.423e-04
EUCL: BD=1.832e-05, NB=8.600e-05, RS=9.296e-01, SC=3.741e+00, AC=1.173e+00
CYCLE: 22 (68%, 13 secs)
TNGL: 0 (cyc=0)
EUCL: IN=1.000e-03 2oSTR=1.426e+00 ALL=1.036e-03
EUCL: BD=3.396e-05, NB=2.239e-04, RS=1.017e+00, SC=3.896e+00, AC=1.127e+00
CYCLE: 23 (69%, 13 secs)
TNGL: 0 (cyc=0)
EUCL: IN=8.990e-04 2oSTR=1.407e+00 ALL=8.852e-04
EUCL: BD=2.611e-05, NB=1.257e-04, RS=9.803e-01, SC=3.296e+00, AC=1.072e+00
CYCLE: 24 (70%, 13 secs)
TNGL: 0 (cyc=0)
EUCL: IN=8.228e-04 2oSTR=1.402e+00 ALL=1.094e-03
EUCL: BD=3.245e-05, NB=1.456e-04, RS=1.091e+00, SC=3.608e+00, AC=9.615e-01
CYCLE: 25 (70%, 13 secs)
HAND: (secstr) Good:Bad=1:3 (14:26)
DIST: BD=2.469e-02, NB=1.088e-04, RS=3.703e-01, SC=2.717e+00, AC=1.336e+00
PROJ: Dim=3, Df=9.988e-01,  STR=9.216e-04 , flip
TNGL: 0 (cyc=0)
EUCL: IN=1.312e-03 2oSTR=1.730e+00 ALL=9.993e-04
EUCL: BD=8.076e-05, NB=9.465e-05, RS=5.656e-01, SC=3.954e+00, AC=1.142e+00
CYCLE: 26 (71%, 14 secs)
TNGL: 0 (cyc=0)
EUCL: IN=1.415e-03 2oSTR=1.653e+00 ALL=1.192e-03
EUCL: BD=3.557e-04, NB=3.235e-04, RS=7.499e-01, SC=4.547e+00, AC=1.164e+00
CYCLE: 27 (72%, 14 secs)
TNGL: 0 (cyc=0)
EUCL: IN=8.946e-04 2oSTR=1.509e+00 ALL=8.277e-04
EUCL: BD=1.105e-04, NB=1.092e-04, RS=8.298e-01, SC=3.484e+00, AC=1.164e+00
CYCLE: 28 (73%, 14 secs)
TNGL: 0 (cyc=0)
EUCL: IN=8.647e-04 2oSTR=1.407e+00 ALL=7.307e-04
EUCL: BD=2.453e-05, NB=2.547e-04, RS=9.145e-01, SC=3.095e+00, AC=1.210e+00
CYCLE: 29 (74%, 15 secs)
TNGL: 0 (cyc=0)
EUCL: IN=8.689e-04 2oSTR=1.401e+00 ALL=6.519e-04
EUCL: BD=5.884e-05, NB=1.332e-04, RS=8.368e-01, SC=3.174e+00, AC=1.054e+00
CYCLE: 30 (74%, 15 secs)
TNGL: 0 (cyc=0)
EUCL: IN=8.653e-04 2oSTR=1.536e+00 ALL=9.612e-04
EUCL: BD=6.398e-05, NB=2.829e-04, RS=8.768e-01, SC=3.047e+00, AC=9.962e-01
CYCLE: 31 (75%, 15 secs)
HAND: (secstr) Good:Bad=1:3 (14:26)
DIST: BD=2.570e-02, NB=8.859e-05, RS=3.866e-01, SC=2.663e+00, AC=1.305e+00
PROJ: Dim=3, Df=9.985e-01,  STR=9.080e-04 , flip
TNGL: 0 (cyc=0)
EUCL: IN=1.239e-03 2oSTR=1.655e+00 ALL=8.565e-04
EUCL: BD=2.136e-04, NB=4.676e-05, RS=6.529e-01, SC=3.898e+00, AC=1.231e+00
EXIT: no further improvement on 3D reprojection
TIME: 16 secs
END: BD=2.989e-05, NB=1.296e-04, RS=5.527e-01, SC=4.306e+00, AC=1.206e+00, Itno:31=11+20
SAVE: example/models/example_1.pdb
VIOLS: example/models/example_1.viol

Run 1 finished: Mon 14-Feb-2000 16:09:38
